<?xml version="1.0" encoding="UTF-8"?>
<!-- Generated by org.testng.reporters.JUnitReportReporter -->
<testsuite hostname="BSC-C3SR6C2" failures="0" tests="4" name="org.simplilearn.workshop.admin.adminDashboardTest" time="73.082" errors="0" timestamp="11 May 2021 19:02:32 GMT" skipped="0">
  <testcase classname="org.simplilearn.workshop.admin.adminDashboardTest" name="selectFeature" time="18.018"/>
  <testcase classname="org.simplilearn.workshop.admin.adminDashboardTest" name="userBlock" time="16.834"/>
  <testcase classname="org.simplilearn.workshop.admin.adminDashboardTest" name="userActivate" time="17.401"/>
  <testcase classname="org.simplilearn.workshop.admin.adminDashboardTest" name="chequeBookRequest" time="20.829"/>
</testsuite> <!-- org.simplilearn.workshop.admin.adminDashboardTest -->
