<?xml version="1.0" encoding="UTF-8"?>
<!-- Generated by org.testng.reporters.JUnitReportReporter -->
<testsuite hostname="BSC-C3SR6C2" failures="0" tests="8" name="org.simplilearn.workshop.user.userDashboardTest" time="137.902" errors="0" timestamp="11 May 2021 19:02:32 GMT" skipped="0">
  <testcase classname="org.simplilearn.workshop.user.userDashboardTest" name="deposit" time="16.711"/>
  <testcase classname="org.simplilearn.workshop.user.userDashboardTest" name="withdraw" time="17.597"/>
  <testcase classname="org.simplilearn.workshop.user.userDashboardTest" name="transfer" time="18.181"/>
  <testcase classname="org.simplilearn.workshop.user.userDashboardTest" name="requestCheckBook" time="17.196"/>
  <testcase classname="org.simplilearn.workshop.user.userDashboardTest" name="transactionHistory" time="16.126"/>
  <testcase classname="org.simplilearn.workshop.user.userDashboardTest" name="transferHistory" time="14.997"/>
  <testcase classname="org.simplilearn.workshop.user.userDashboardTest" name="editProfile" time="18.646"/>
  <testcase classname="org.simplilearn.workshop.user.userDashboardTest" name="changePassword" time="18.448"/>
</testsuite> <!-- org.simplilearn.workshop.user.userDashboardTest -->
