<?xml version="1.0" encoding="UTF-8"?>
<!-- Generated by org.testng.reporters.JUnitReportReporter -->
<testsuite hostname="BSC-C3SR6C2" failures="0" tests="2" name="org.simplilearn.workshop.admin.adminKycTest" time="47.282" errors="0" timestamp="11 May 2021 19:02:32 GMT" skipped="0">
  <testcase classname="org.simplilearn.workshop.admin.adminKycTest" name="kycAccept" time="27.046"/>
  <testcase classname="org.simplilearn.workshop.admin.adminKycTest" name="kycReject" time="20.236"/>
</testsuite> <!-- org.simplilearn.workshop.admin.adminKycTest -->
